329  [qtp827248723-19] INFO  compteur - createlist :[Bob 0 Marley 0, Bob 1 Marley 1, Bob 2 Marley 2, Bob 3 Marley 3, Bob 4 Marley 4, Bob 5 Marley 5, Bob 6 Marley 6, Bob 7 Marley 7, Bob 8 Marley 8, Bob 9 Marley 9] 
331  [qtp827248723-19] INFO  compteur - compteur createlist0 
4431 [qtp827248723-20] INFO  compteur - createlist :[Bob 0 Marley 0, Bob 1 Marley 1, Bob 2 Marley 2, Bob 3 Marley 3, Bob 4 Marley 4, Bob 5 Marley 5, Bob 6 Marley 6, Bob 7 Marley 7, Bob 8 Marley 8, Bob 9 Marley 9] 
4431 [qtp827248723-20] INFO  compteur - compteur createlist1 
4591 [qtp827248723-14] INFO  compteur - createlist :[Bob 0 Marley 0, Bob 1 Marley 1, Bob 2 Marley 2, Bob 3 Marley 3, Bob 4 Marley 4, Bob 5 Marley 5, Bob 6 Marley 6, Bob 7 Marley 7, Bob 8 Marley 8, Bob 9 Marley 9] 
4592 [qtp827248723-14] INFO  compteur - compteur createlist2 
4918 [qtp827248723-20] INFO  compteur - createlist :[Bob 0 Marley 0, Bob 1 Marley 1, Bob 2 Marley 2, Bob 3 Marley 3, Bob 4 Marley 4, Bob 5 Marley 5, Bob 6 Marley 6, Bob 7 Marley 7, Bob 8 Marley 8, Bob 9 Marley 9] 
4918 [qtp827248723-20] INFO  compteur - compteur createlist3 
7651 [qtp827248723-14] INFO  compteur - createlist :[Bob 0 Marley 0, Bob 1 Marley 1, Bob 2 Marley 2, Bob 3 Marley 3, Bob 4 Marley 4, Bob 5 Marley 5, Bob 6 Marley 6, Bob 7 Marley 7, Bob 8 Marley 8, Bob 9 Marley 9] 
7651 [qtp827248723-14] INFO  compteur - compteur createlist4 
8279 [qtp827248723-20] INFO  compteur - createlist :[Bob 0 Marley 0, Bob 1 Marley 1, Bob 2 Marley 2, Bob 3 Marley 3, Bob 4 Marley 4, Bob 5 Marley 5, Bob 6 Marley 6, Bob 7 Marley 7, Bob 8 Marley 8, Bob 9 Marley 9] 
8279 [qtp827248723-20] INFO  compteur - compteur createlist5 
324  [qtp164733543-16] INFO  compteur - compteur = 0 
552  [qtp164733543-20] INFO  compteur - compteur = 1 
733  [qtp164733543-16] INFO  compteur - compteur = 2 
984  [qtp164733543-20] INFO  compteur - compteur = 3 
1240 [qtp164733543-16] INFO  compteur - compteur = 4 
380  [qtp305651902-19] INFO  compteur - compteur = 0 
1300 [qtp305651902-13] INFO  compteur - compteur = 1 
2263 [qtp305651902-19] INFO  compteur - compteur = 2 
2416 [qtp305651902-13] INFO  compteur - compteur = 3 
320  [qtp1487185741-13] INFO  compteur - compteur = 0 
1302 [qtp1487185741-20] INFO  compteur - compteur = 1 
4946 [qtp1487185741-15] INFO  compteur - compteur = 2 
36079 [qtp1487185741-15] INFO  compteur - compteur = 3 
36225 [qtp1487185741-20] INFO  compteur - compteur = 4 
36571 [qtp1487185741-15] INFO  compteur - compteur = 5 
38951 [qtp1487185741-20] INFO  compteur - compteur = 6 
393  [qtp668301868-13] INFO  compteur - compteur = 0 
3130 [qtp668301868-16] INFO  compteur - compteur = 1 
4287 [qtp668301868-18] INFO  compteur - compteur = 2 
4540 [qtp668301868-16] INFO  compteur - compteur = 3 
4953 [qtp668301868-18] INFO  compteur - compteur = 4 
5137 [qtp668301868-16] INFO  compteur - compteur = 5 
5304 [qtp668301868-18] INFO  compteur - compteur = 6 
698  [qtp668301868-13] INFO  compteur - Hashcode :912169691 
30905 [qtp668301868-18] INFO  compteur - Hashcode :912169691 
697  [qtp1905548224-22] INFO  compteur - Hashcode :1879009912 
1538 [qtp1905548224-20] INFO  compteur - Hashcode :1879009912 
2380 [qtp1905548224-24] INFO  compteur - Hashcode :1879009912 
2977 [qtp1905548224-20] INFO  compteur - Hashcode :1879009912 
3284 [qtp1905548224-24] INFO  compteur - Hashcode :1879009912 
4265 [qtp1905548224-20] INFO  compteur - Hashcode :1879009912 
2048 [qtp1905548224-20] INFO  compteur - Hashcode :1340345952 
6051 [qtp1905548224-32] INFO  compteur - Hashcode :1340345952 
6376 [qtp1905548224-20] INFO  compteur - Hashcode :1340345952 
17352 [qtp1905548224-32] INFO  compteur - Hashcode :1340345952 
23352 [qtp1905548224-20] INFO  compteur - Hashcode :1340345952 
2394 [qtp1905548224-20] INFO  compteur - Hashcode :602050496 
2396 [qtp1905548224-20] INFO  compteur - Hashcode :602050496 
29951 [qtp1905548224-31] INFO  compteur - Hashcode :602050496 
29951 [qtp1905548224-31] INFO  compteur - Hashcode :602050496 
97077 [qtp1905548224-20] INFO  compteur - Hashcode :602050496 
97077 [qtp1905548224-20] INFO  compteur - Hashcode :602050496 
98490 [qtp1905548224-20] INFO  compteur - Hashcode :602050496 
98490 [qtp1905548224-20] INFO  compteur - Hashcode :602050496 
99289 [qtp1905548224-20] INFO  compteur - Hashcode :602050496 
99289 [qtp1905548224-20] INFO  compteur - Hashcode :602050496 
622  [qtp888378046-16] INFO  compteur - Hashcode :724173707 
632  [qtp888378046-16] INFO  compteur - Hashcode :724173707 
14945 [qtp888378046-15] INFO  compteur - Hashcode :724173707 
14946 [qtp888378046-15] INFO  compteur - Hashcode :724173707 
