20249 [qtp827248723-16] INFO  controleur.commandes.DisplayList - createlist :[Bob 0 Marley 0, Bob 1 Marley 1, Bob 2 Marley 2, Bob 3 Marley 3, Bob 4 Marley 4, Bob 5 Marley 5, Bob 6 Marley 6, Bob 7 Marley 7, Bob 8 Marley 8, Bob 9 Marley 9] 
17548 [qtp668301868-19] INFO  controleur.commandes.DisplayList - createlist :[Bob 0 Marley 0, Bob 1 Marley 1, Bob 2 Marley 2, Bob 3 Marley 3, Bob 4 Marley 4, Bob 5 Marley 5, Bob 6 Marley 6, Bob 7 Marley 7, Bob 8 Marley 8, Bob 9 Marley 9] 
328  [qtp668301868-13] INFO  compteur - createlist :[Bob 0 Marley 0, Bob 1 Marley 1, Bob 2 Marley 2, Bob 3 Marley 3, Bob 4 Marley 4, Bob 5 Marley 5, Bob 6 Marley 6, Bob 7 Marley 7, Bob 8 Marley 8, Bob 9 Marley 9] 
331  [qtp668301868-13] INFO  compteur - compteur createlist0 
355  [qtp668301868-20] INFO  compteur - createlist :[Bob 0 Marley 0, Bob 0 Marley 0, Bob 1 Marley 1, Bob 1 Marley 1, Bob 2 Marley 2, Bob 2 Marley 2, Bob 3 Marley 3, Bob 4 Marley 4, Bob 5 Marley 5, Bob 6 Marley 6, Bob 7 Marley 7, Bob 8 Marley 8, Bob 9 Marley 9, Bob 3 Marley 3, Bob 4 Marley 4, Bob 5 Marley 5, Bob 6 Marley 6, Bob 7 Marley 7, Bob 8 Marley 8, Bob 9 Marley 9] 
359  [qtp668301868-20] INFO  compteur - compteur createlist0 
364  [qtp668301868-15] INFO  compteur - createlist :[Bob 0 Marley 0, Bob 0 Marley 0, Bob 1 Marley 1, Bob 1 Marley 1, Bob 2 Marley 2, Bob 2 Marley 2, Bob 3 Marley 3, Bob 4 Marley 4, Bob 5 Marley 5, Bob 6 Marley 6, Bob 7 Marley 7, Bob 8 Marley 8, Bob 9 Marley 9, Bob 3 Marley 3, Bob 4 Marley 4, Bob 5 Marley 5, Bob 6 Marley 6, Bob 7 Marley 7, Bob 8 Marley 8, Bob 9 Marley 9] 
364  [qtp668301868-15] INFO  compteur - compteur createlist1 
16106 [qtp668301868-19] INFO  controleur.commandes.DisplayList - createlist :[Bob 0 Marley 0, Bob 0 Marley 0, Bob 1 Marley 1, Bob 1 Marley 1, Bob 2 Marley 2, Bob 2 Marley 2, Bob 3 Marley 3, Bob 4 Marley 4, Bob 5 Marley 5, Bob 6 Marley 6, Bob 7 Marley 7, Bob 8 Marley 8, Bob 9 Marley 9, Bob 3 Marley 3, Bob 4 Marley 4, Bob 5 Marley 5, Bob 6 Marley 6, Bob 7 Marley 7, Bob 8 Marley 8, Bob 9 Marley 9] 
24055 [qtp668301868-19] INFO  controleur.commandes.DisplayList - createlist :[Bob 0 Marley 0, Bob 0 Marley 0, Bob 1 Marley 1, Bob 1 Marley 1, Bob 2 Marley 2, Bob 2 Marley 2, Bob 3 Marley 3, Bob 4 Marley 4, Bob 5 Marley 5, Bob 6 Marley 6, Bob 7 Marley 7, Bob 8 Marley 8, Bob 9 Marley 9, Bob 3 Marley 3, Bob 4 Marley 4, Bob 5 Marley 5, Bob 6 Marley 6, Bob 7 Marley 7, Bob 8 Marley 8, Bob 9 Marley 9] 
33219 [qtp668301868-15] INFO  compteur - createlist :[Bob 0 Marley 0, Bob 1 Marley 1, Bob 2 Marley 2, Bob 3 Marley 3, Bob 4 Marley 4, Bob 5 Marley 5, Bob 6 Marley 6, Bob 7 Marley 7, Bob 8 Marley 8, Bob 9 Marley 9] 
33219 [qtp668301868-15] INFO  compteur - compteur createlist2 
34079 [qtp668301868-19] INFO  controleur.commandes.DisplayList - createlist :[Bob 0 Marley 0, Bob 1 Marley 1, Bob 2 Marley 2, Bob 3 Marley 3, Bob 4 Marley 4, Bob 5 Marley 5, Bob 6 Marley 6, Bob 7 Marley 7, Bob 8 Marley 8, Bob 9 Marley 9] 
1612 [qtp827248723-20] INFO  controleur.commandes.DisplayList - createlist :[Bob 0 Marley 0, Bob 1 Marley 1, Bob 2 Marley 2, Bob 3 Marley 3, Bob 4 Marley 4, Bob 5 Marley 5, Bob 6 Marley 6, Bob 7 Marley 7, Bob 8 Marley 8, Bob 9 Marley 9] 
5340 [qtp827248723-14] INFO  controleur.commandes.DisplayList - createlist :[Bob 0 Marley 0, Bob 1 Marley 1, Bob 2 Marley 2, Bob 3 Marley 3, Bob 4 Marley 4, Bob 5 Marley 5, Bob 6 Marley 6, Bob 7 Marley 7, Bob 8 Marley 8, Bob 9 Marley 9] 
8701 [qtp827248723-14] INFO  controleur.commandes.DisplayList - createlist :[Bob 0 Marley 0, Bob 1 Marley 1, Bob 2 Marley 2, Bob 3 Marley 3, Bob 4 Marley 4, Bob 5 Marley 5, Bob 6 Marley 6, Bob 7 Marley 7, Bob 8 Marley 8, Bob 9 Marley 9] 
5829 [qtp1905548224-24] INFO  controleur.commandes.DisplayList - createlist :[Bob 0 Marley 0, Bob 1 Marley 1, Bob 2 Marley 2, Bob 3 Marley 3, Bob 4 Marley 4, Bob 5 Marley 5, Bob 6 Marley 6, Bob 7 Marley 7, Bob 8 Marley 8, Bob 9 Marley 9, Bob 0 Marley 0, Bob 1 Marley 1, Bob 2 Marley 2, Bob 3 Marley 3, Bob 4 Marley 4, Bob 5 Marley 5, Bob 6 Marley 6, Bob 7 Marley 7, Bob 8 Marley 8, Bob 9 Marley 9, Bob 0 Marley 0, Bob 1 Marley 1, Bob 2 Marley 2, Bob 3 Marley 3, Bob 4 Marley 4, Bob 5 Marley 5, Bob 6 Marley 6, Bob 7 Marley 7, Bob 8 Marley 8, Bob 9 Marley 9, Bob 0 Marley 0, Bob 1 Marley 1, Bob 2 Marley 2, Bob 3 Marley 3, Bob 4 Marley 4, Bob 5 Marley 5, Bob 6 Marley 6, Bob 7 Marley 7, Bob 8 Marley 8, Bob 9 Marley 9, Bob 0 Marley 0, Bob 1 Marley 1, Bob 2 Marley 2, Bob 3 Marley 3, Bob 4 Marley 4, Bob 5 Marley 5, Bob 6 Marley 6, Bob 7 Marley 7, Bob 8 Marley 8, Bob 9 Marley 9, Bob 0 Marley 0, Bob 1 Marley 1, Bob 2 Marley 2, Bob 3 Marley 3, Bob 4 Marley 4, Bob 5 Marley 5, Bob 6 Marley 6, Bob 7 Marley 7, Bob 8 Marley 8, Bob 9 Marley 9] 
2882 [qtp1905548224-32] INFO  controleur.commandes.DisplayList - createlist :[Bob 0 Marley 0, Bob 1 Marley 1, Bob 2 Marley 2, Bob 3 Marley 3, Bob 4 Marley 4, Bob 5 Marley 5, Bob 6 Marley 6, Bob 7 Marley 7, Bob 8 Marley 8, Bob 9 Marley 9] 
7338 [qtp1905548224-32] INFO  controleur.commandes.DisplayList - createlist :[Bob 0 Marley 0, Bob 1 Marley 1, Bob 2 Marley 2, Bob 3 Marley 3, Bob 4 Marley 4, Bob 5 Marley 5, Bob 6 Marley 6, Bob 7 Marley 7, Bob 8 Marley 8, Bob 9 Marley 9, Bob 0 Marley 0, Bob 1 Marley 1, Bob 2 Marley 2, Bob 3 Marley 3, Bob 4 Marley 4, Bob 5 Marley 5, Bob 6 Marley 6, Bob 7 Marley 7, Bob 8 Marley 8, Bob 9 Marley 9, Bob 0 Marley 0, Bob 1 Marley 1, Bob 2 Marley 2, Bob 3 Marley 3, Bob 4 Marley 4, Bob 5 Marley 5, Bob 6 Marley 6, Bob 7 Marley 7, Bob 8 Marley 8, Bob 9 Marley 9] 
24387 [qtp1905548224-32] INFO  controleur.commandes.DisplayList - createlist :[Bob 0 Marley 0, Bob 1 Marley 1, Bob 2 Marley 2, Bob 3 Marley 3, Bob 4 Marley 4, Bob 5 Marley 5, Bob 6 Marley 6, Bob 7 Marley 7, Bob 8 Marley 8, Bob 9 Marley 9, Bob 0 Marley 0, Bob 1 Marley 1, Bob 2 Marley 2, Bob 3 Marley 3, Bob 4 Marley 4, Bob 5 Marley 5, Bob 6 Marley 6, Bob 7 Marley 7, Bob 8 Marley 8, Bob 9 Marley 9, Bob 0 Marley 0, Bob 1 Marley 1, Bob 2 Marley 2, Bob 3 Marley 3, Bob 4 Marley 4, Bob 5 Marley 5, Bob 6 Marley 6, Bob 7 Marley 7, Bob 8 Marley 8, Bob 9 Marley 9, Bob 0 Marley 0, Bob 1 Marley 1, Bob 2 Marley 2, Bob 3 Marley 3, Bob 4 Marley 4, Bob 5 Marley 5, Bob 6 Marley 6, Bob 7 Marley 7, Bob 8 Marley 8, Bob 9 Marley 9, Bob 0 Marley 0, Bob 1 Marley 1, Bob 2 Marley 2, Bob 3 Marley 3, Bob 4 Marley 4, Bob 5 Marley 5, Bob 6 Marley 6, Bob 7 Marley 7, Bob 8 Marley 8, Bob 9 Marley 9] 
3442 [qtp1905548224-31] INFO  controleur.commandes.DisplayList - createlist :[Bob 0 Marley 0, Bob 1 Marley 1, Bob 2 Marley 2, Bob 3 Marley 3, Bob 4 Marley 4, Bob 5 Marley 5, Bob 6 Marley 6, Bob 7 Marley 7, Bob 8 Marley 8, Bob 9 Marley 9] 
6350 [qtp1905548224-20] INFO  controleur.commandes.DisplayList - createlist :[Bob 0 Marley 0, Bob 1 Marley 1, Bob 2 Marley 2, Bob 3 Marley 3, Bob 4 Marley 4, Bob 5 Marley 5, Bob 6 Marley 6, Bob 7 Marley 7, Bob 8 Marley 8, Bob 9 Marley 9] 
2233 [qtp888378046-15] INFO  controleur.commandes.DisplayList - createlist :[Bob 0 Marley 0, Bob 1 Marley 1, Bob 2 Marley 2, Bob 3 Marley 3, Bob 4 Marley 4, Bob 5 Marley 5, Bob 6 Marley 6, Bob 7 Marley 7, Bob 8 Marley 8, Bob 9 Marley 9] 
15615 [qtp888378046-16] INFO  controleur.commandes.DisplayList - createlist :[Bob 1 Marley 1, Bob 2 Marley 2, Bob 3 Marley 3, Bob 4 Marley 4, Bob 5 Marley 5, Bob 6 Marley 6, Bob 8 Marley 8, Bob 9 Marley 9, Bob 0 Marley 0, Bob 1 Marley 1, Bob 2 Marley 2, Bob 3 Marley 3, Bob 4 Marley 4, Bob 5 Marley 5, Bob 6 Marley 6, Bob 7 Marley 7, Bob 8 Marley 8, Bob 9 Marley 9] 
22767 [qtp888378046-15] INFO  controleur.commandes.DisplayList - createlist :[Bob 1 Marley 1, Bob 2 Marley 2, Bob 3 Marley 3, Bob 4 Marley 4, Bob 5 Marley 5, Bob 6 Marley 6, Bob 8 Marley 8, Bob 9 Marley 9, Bob 0 Marley 0, Bob 1 Marley 1, Bob 2 Marley 2, Bob 3 Marley 3, Bob 4 Marley 4, Bob 5 Marley 5, Bob 6 Marley 6, Bob 7 Marley 7, Bob 8 Marley 8, Bob 9 Marley 9] 
213  [main] INFO  dao.connexion.DBConnexion - OUVERTURE D'UNE CONNEXION 
191  [main] INFO  dao.connexion.DBConnexion - OUVERTURE D'UNE CONNEXION 
189  [main] INFO  dao.connexion.DBConnexion - OUVERTURE D'UNE CONNEXION 
172  [main] INFO  dao.connexion.DBConnexion - OUVERTURE D'UNE CONNEXION 
208  [main] INFO  dao.connexion.DBConnexion - OUVERTURE D'UNE CONNEXION 
194  [main] INFO  dao.connexion.DBConnexion - OUVERTURE D'UNE CONNEXION 
166  [main] INFO  dao.connexion.DBConnexion - OUVERTURE D'UNE CONNEXION 
167  [main] INFO  dao.connexion.DBConnexion - OUVERTURE D'UNE CONNEXION 
179  [main] INFO  dao.connexion.DBConnexion - OUVERTURE D'UNE CONNEXION 
168  [main] INFO  dao.connexion.DBConnexion - OUVERTURE D'UNE CONNEXION 
185  [main] INFO  dao.connexion.DBConnexion - OUVERTURE D'UNE CONNEXION 
384  [qtp105146840-15] INFO  dao.connexion.DBConnexion - OUVERTURE D'UNE CONNEXION 
1068 [qtp105146840-15] INFO  controleur.commandes.DisplayList - createlist :[BOB MARLEY, BOB1 MARLEY1, BOB2 MARLEY2, BOB3 MARLEY3] 
181  [main] INFO  dao.connexion.DBConnexion - OUVERTURE D'UNE CONNEXION 
339  [qtp780172372-17] INFO  dao.connexion.DBConnexion - OUVERTURE D'UNE CONNEXION 
993  [qtp780172372-17] INFO  controleur.commandes.DisplayList - createlist :[BOB MARLEY, BOB1 MARLEY1, BOB2 MARLEY2, BOB3 MARLEY3] 
21970 [qtp780172372-16] INFO  dao.connexion.DBConnexion - OUVERTURE D'UNE CONNEXION 
22337 [qtp780172372-16] INFO  controleur.commandes.DisplayList - createlist :[BOB MARLEY, BOB1 MARLEY1, BOB2 MARLEY2, BOB3 MARLEY3] 
175448 [qtp780172372-20] INFO  controleur.commandes.DisplayList - createlist :[BOB MARLEY, BOB1 MARLEY1, BOB2 MARLEY2, BOB3 MARLEY3] 
386  [qtp606740638-13] INFO  dao.connexion.DBConnexion - OUVERTURE D'UNE CONNEXION 
1166 [qtp606740638-13] INFO  controleur.commandes.DisplayList - createlist :[BOB MARLEY, BOB1 MARLEY1, BOB2 MARLEY2, BOB3 MARLEY3] 
57927 [qtp606740638-16] INFO  controleur.commandes.DisplayList - createlist :[BOB MARLEY, BOB1 MARLEY1, BOB2 MARLEY2, BOB3 MARLEY3] 
374  [qtp606740638-26] INFO  dao.connexion.DBConnexion - OUVERTURE D'UNE CONNEXION 
756  [qtp606740638-26] INFO  controleur.commandes.DisplayList - createlist :[BOB MARLEY, BOB1 MARLEY1, BOB2 MARLEY2, BOB3 MARLEY3] 
2338 [qtp606740638-16] INFO  dao.connexion.DBConnexion - OUVERTURE D'UNE CONNEXION 
2908 [qtp606740638-16] INFO  controleur.commandes.DisplayList - createlist :[BOB MARLEY, BOB1 MARLEY1, BOB2 MARLEY2, BOB3 MARLEY3] 
2020 [qtp606740638-28] INFO  dao.connexion.DBConnexion - OUVERTURE D'UNE CONNEXION 
2388 [qtp606740638-28] INFO  controleur.commandes.DisplayList - createlist :[BOB MARLEY, BOB1 MARLEY1, BOB2 MARLEY2, BOB3 MARLEY3] 
11996 [qtp606740638-32] INFO  dao.connexion.DBConnexion - OUVERTURE D'UNE CONNEXION 
7407 [qtp606740638-28] INFO  dao.connexion.DBConnexion - OUVERTURE D'UNE CONNEXION 
323  [qtp1138845999-14] INFO  dao.connexion.DBConnexion - OUVERTURE D'UNE CONNEXION 
1011 [qtp1138845999-14] INFO  controleur.commandes.DisplayList - createlist :[BOB MARLEY, BOB1 MARLEY1, BOB2 MARLEY2, BOB3 MARLEY3] 
5641 [qtp1138845999-18] INFO  dao.connexion.DBConnexion - OUVERTURE D'UNE CONNEXION 
316  [qtp1138845999-15] INFO  dao.connexion.DBConnexion - OUVERTURE D'UNE CONNEXION 
823  [qtp1138845999-15] INFO  controleur.commandes.DisplayList - createlist :[BOB MARLEY, BOB1 MARLEY1, BOB2 MARLEY2, BOB3 MARLEY3] 
346  [qtp1138845999-44] INFO  dao.connexion.DBConnexion - OUVERTURE D'UNE CONNEXION 
725  [qtp1138845999-44] INFO  controleur.commandes.DisplayList - createlist :[BOB MARLEY, BOB1 MARLEY1, BOB2 MARLEY2, BOB3 MARLEY3] 
366  [qtp1138845999-58] INFO  dao.connexion.DBConnexion - OUVERTURE D'UNE CONNEXION 
367  [qtp1138845999-43] INFO  dao.connexion.DBConnexion - OUVERTURE D'UNE CONNEXION 
30504 [qtp1138845999-19] INFO  controleur.commandes.DisplayList - createlist :[BOB MARLEY, BOB1 MARLEY1, BOB2 MARLEY2, BOB3 MARLEY3, Frederik fitte, Frederik fitte, Frederik fitte] 
61764 [qtp1138845999-44] INFO  controleur.commandes.DisplayList - createlist :[BOB MARLEY, BOB1 MARLEY1, BOB2 MARLEY2, BOB3 MARLEY3, Frederik fitte, Frederik fitte, Frederik fitte] 
675426 [qtp1138845999-43] INFO  controleur.commandes.DisplayList - createlist :[BOB3 MARLEY3, Frederik fitte, Frederik fitte, Frederik fitte] 
19452 [qtp1138845999-18] INFO  dao.connexion.DBConnexion - OUVERTURE D'UNE CONNEXION 
20223 [qtp1138845999-18] INFO  controleur.commandes.DisplayList - createlist :[BOB3 MARLEY3, Frederik fitte, Frederik fitte, Frederik fitte] 
66277 [qtp1138845999-17] INFO  controleur.commandes.DisplayList - createlist :[Frederik fitte, Frederik fitte, Frederik fitte, Frederik fitte, Frederik fitte] 
350590 [qtp1138845999-28] INFO  dao.connexion.DBConnexion - OUVERTURE D'UNE CONNEXION 
350978 [qtp1138845999-28] INFO  controleur.commandes.DisplayList - createlist :[Frederik fitte] 
436  [qtp1276666395-17] INFO  dao.connexion.DBConnexion - OUVERTURE D'UNE CONNEXION 
1103 [qtp1276666395-17] INFO  controleur.commandes.DisplayList - createlist :[Frederik fitte] 
80008 [qtp1276666395-20] INFO  controleur.commandes.DisplayList - createlist :[Frederik fitte] 
102460 [qtp1276666395-18] INFO  controleur.commandes.DisplayList - createlist :[Frederik fitte, Frederik fitte] 
106316 [qtp1276666395-18] INFO  controleur.commandes.DisplayList - createlist :[Frederik fitte, Frederik fitte] 
1897 [qtp1276666395-16] INFO  dao.connexion.DBConnexion - OUVERTURE D'UNE CONNEXION 
2300 [qtp1276666395-16] INFO  controleur.commandes.DisplayList - createlist :[Frederik fitte, Frederik fitte] 
48021 [qtp1276666395-16] INFO  controleur.commandes.DisplayList - createlist :[Frederik fitte, Frederik fitte] 
274107 [qtp1276666395-26] INFO  controleur.commandes.DisplayList - createlist :[Frederik fitte, Frederik fitte] 
358  [qtp1276666395-14] INFO  dao.connexion.DBConnexion - OUVERTURE D'UNE CONNEXION 
839  [qtp1276666395-14] INFO  controleur.commandes.DisplayList - createlist :[Frederik fitte, Frederik fitte] 
392  [qtp1276666395-20] INFO  dao.connexion.DBConnexion - OUVERTURE D'UNE CONNEXION 
750  [qtp1276666395-20] INFO  controleur.commandes.DisplayList - createlist :[Frederik fitte, Frederik fitte] 
325  [qtp1276666395-26] INFO  dao.connexion.DBConnexion - OUVERTURE D'UNE CONNEXION 
682  [qtp1276666395-26] INFO  controleur.commandes.DisplayList - createlist :[Frederik fitte, Frederik fitte] 
326  [qtp1276666395-18] INFO  dao.connexion.DBConnexion - OUVERTURE D'UNE CONNEXION 
649  [qtp1276666395-18] INFO  controleur.commandes.DisplayList - createlist :[Frederik fitte, Frederik fitte] 
348  [qtp1276666395-17] INFO  dao.connexion.DBConnexion - OUVERTURE D'UNE CONNEXION 
1051 [qtp1276666395-17] INFO  controleur.commandes.DisplayList - createlist :[Frederik fitte, Frederik fitte] 
337  [qtp1276666395-19] INFO  dao.connexion.DBConnexion - OUVERTURE D'UNE CONNEXION 
733  [qtp1276666395-19] INFO  controleur.commandes.DisplayList - createlist :[Frederik fitte, Frederik fitte] 
282  [qtp1276666395-13] INFO  dao.connexion.DBConnexion - OUVERTURE D'UNE CONNEXION 
748  [qtp1276666395-13] INFO  controleur.commandes.DisplayList - createlist :[Frederik fitte, Frederik fitte] 
311  [qtp1276666395-14] INFO  dao.connexion.DBConnexion - OUVERTURE D'UNE CONNEXION 
768  [qtp1276666395-14] INFO  controleur.commandes.DisplayList - createlist :[Frederik fitte, Frederik fitte] 
334  [qtp1276666395-19] INFO  dao.connexion.DBConnexion - OUVERTURE D'UNE CONNEXION 
5036 [qtp1276666395-14] INFO  controleur.commandes.DisplayList - createlist :[Frederik fitte, Frederik fitte] 
